2017/04/03 15:32:46 [error] [php] htmlspecialchars(): charset `utf8' not supported, assuming utf-8 (C:\xampp\htdocs\03042017\framework\web\helpers\CHtml.php:108)
Stack trace:
#0 C:\xampp\htdocs\03042017\framework\web\CBaseController.php(126): require()
#1 C:\xampp\htdocs\03042017\framework\web\CBaseController.php(95): SiteController->renderInternal()
#2 C:\xampp\htdocs\03042017\framework\web\CController.php(869): SiteController->renderFile()
#3 C:\xampp\htdocs\03042017\framework\web\CController.php(782): SiteController->renderPartial()
#4 C:\xampp\htdocs\03042017\www\protected\controllers\SiteController.php(32): SiteController->render()
#5 C:\xampp\htdocs\03042017\framework\web\actions\CInlineAction.php(49): SiteController->actionIndex()
#6 C:\xampp\htdocs\03042017\framework\web\CController.php(308): CInlineAction->runWithParams()
#7 C:\xampp\htdocs\03042017\framework\web\CController.php(286): SiteController->runAction()
#8 C:\xampp\htdocs\03042017\framework\web\CController.php(265): SiteController->runActionWithFilters()
#9 C:\xampp\htdocs\03042017\framework\web\CWebApplication.php(282): SiteController->run()
#10 C:\xampp\htdocs\03042017\framework\web\CWebApplication.php(141): CWebApplication->runController()
#11 C:\xampp\htdocs\03042017\framework\base\CApplication.php(185): CWebApplication->processRequest()
#12 C:\xampp\htdocs\03042017\www\index.php(13): CWebApplication->run()
REQUEST_URI=/03042017/www/
in C:\xampp\htdocs\03042017\www\protected\views\site\index.php (7)
in C:\xampp\htdocs\03042017\www\protected\controllers\SiteController.php (32)
in C:\xampp\htdocs\03042017\www\index.php (13)
2017/04/03 15:32:53 [error] [php] htmlspecialchars(): charset `utf8' not supported, assuming utf-8 (C:\xampp\htdocs\03042017\framework\web\helpers\CHtml.php:108)
Stack trace:
#0 C:\xampp\htdocs\03042017\framework\web\CBaseController.php(126): require()
#1 C:\xampp\htdocs\03042017\framework\web\CBaseController.php(95): SiteController->renderInternal()
#2 C:\xampp\htdocs\03042017\framework\web\CController.php(869): SiteController->renderFile()
#3 C:\xampp\htdocs\03042017\framework\web\CController.php(782): SiteController->renderPartial()
#4 C:\xampp\htdocs\03042017\www\protected\controllers\SiteController.php(32): SiteController->render()
#5 C:\xampp\htdocs\03042017\framework\web\actions\CInlineAction.php(49): SiteController->actionIndex()
#6 C:\xampp\htdocs\03042017\framework\web\CController.php(308): CInlineAction->runWithParams()
#7 C:\xampp\htdocs\03042017\framework\web\CController.php(286): SiteController->runAction()
#8 C:\xampp\htdocs\03042017\framework\web\CController.php(265): SiteController->runActionWithFilters()
#9 C:\xampp\htdocs\03042017\framework\web\CWebApplication.php(282): SiteController->run()
#10 C:\xampp\htdocs\03042017\framework\web\CWebApplication.php(141): CWebApplication->runController()
#11 C:\xampp\htdocs\03042017\framework\base\CApplication.php(185): CWebApplication->processRequest()
#12 C:\xampp\htdocs\03042017\www\index.php(13): CWebApplication->run()
REQUEST_URI=/03042017/www/
in C:\xampp\htdocs\03042017\www\protected\views\site\index.php (7)
in C:\xampp\htdocs\03042017\www\protected\controllers\SiteController.php (32)
in C:\xampp\htdocs\03042017\www\index.php (13)
2017/04/03 15:39:13 [error] [exception.CDbException] exception 'CDbException' with message 'CDbConnection failed to open the DB connection: SQLSTATE[HY000] [1049] Unknown database 'testdrive'' in C:\xampp\htdocs\03042017\framework\db\CDbConnection.php:399
Stack trace:
#0 C:\xampp\htdocs\03042017\framework\db\CDbConnection.php(347): CDbConnection->open()
#1 C:\xampp\htdocs\03042017\framework\db\CDbConnection.php(325): CDbConnection->setActive(true)
#2 C:\xampp\htdocs\03042017\framework\base\CModule.php(394): CDbConnection->init()
#3 C:\xampp\htdocs\03042017\framework\base\CModule.php(103): CModule->getComponent('db')
#4 C:\xampp\htdocs\03042017\framework\gii\generators\model\ModelCode.php(60): CModule->__get('db')
#5 C:\xampp\htdocs\03042017\framework\web\CFormModel.php(39): ModelCode->init()
#6 C:\xampp\htdocs\03042017\framework\gii\CCodeGenerator.php(153): CFormModel->__construct()
#7 C:\xampp\htdocs\03042017\framework\gii\CCodeGenerator.php(63): CCodeGenerator->prepare()
#8 C:\xampp\htdocs\03042017\framework\web\actions\CInlineAction.php(49): CCodeGenerator->actionIndex()
#9 C:\xampp\htdocs\03042017\framework\web\CController.php(308): CInlineAction->runWithParams(Array)
#10 C:\xampp\htdocs\03042017\framework\web\CController.php(286): CController->runAction(Object(CInlineAction))
#11 C:\xampp\htdocs\03042017\framework\web\CController.php(265): CController->runActionWithFilters(Object(CInlineAction), Array)
#12 C:\xampp\htdocs\03042017\framework\web\CWebApplication.php(282): CController->run('index')
#13 C:\xampp\htdocs\03042017\framework\web\CWebApplication.php(141): CWebApplication->runController('gii/model/index')
#14 C:\xampp\htdocs\03042017\framework\base\CApplication.php(185): CWebApplication->processRequest()
#15 C:\xampp\htdocs\03042017\www\index.php(13): CApplication->run()
#16 {main}
REQUEST_URI=/03042017/www/gii/model/index
HTTP_REFERER=http://localhost/03042017/www/gii/default/index
---
2017/04/03 16:44:29 [error] [exception.CHttpException.404] exception 'CHttpException' with message 'Невозможно обработать запрос "page/view".' in C:\xampp\htdocs\03042017\framework\web\CWebApplication.php:286
Stack trace:
#0 C:\xampp\htdocs\03042017\framework\web\CWebApplication.php(141): CWebApplication->runController('page/view')
#1 C:\xampp\htdocs\03042017\framework\base\CApplication.php(185): CWebApplication->processRequest()
#2 C:\xampp\htdocs\03042017\www\index.php(13): CApplication->run()
#3 {main}
REQUEST_URI=/03042017/www/page/title_1
---
2017/04/03 16:46:54 [error] [exception.CHttpException.404] exception 'CHttpException' with message 'Невозможно обработать запрос "page/view".' in C:\xampp\htdocs\03042017\framework\web\CWebApplication.php:286
Stack trace:
#0 C:\xampp\htdocs\03042017\framework\web\CWebApplication.php(141): CWebApplication->runController('page/view')
#1 C:\xampp\htdocs\03042017\framework\base\CApplication.php(185): CWebApplication->processRequest()
#2 C:\xampp\htdocs\03042017\www\index.php(13): CApplication->run()
#3 {main}
REQUEST_URI=/03042017/www/page/title_1
---
2017/04/03 16:47:14 [error] [exception.CHttpException.404] exception 'CHttpException' with message 'Невозможно обработать запрос "page/view".' in C:\xampp\htdocs\03042017\framework\web\CWebApplication.php:286
Stack trace:
#0 C:\xampp\htdocs\03042017\framework\web\CWebApplication.php(141): CWebApplication->runController('page/view')
#1 C:\xampp\htdocs\03042017\framework\base\CApplication.php(185): CWebApplication->processRequest()
#2 C:\xampp\htdocs\03042017\www\index.php(13): CApplication->run()
#3 {main}
REQUEST_URI=/03042017/www/page/title_1
---
2017/04/03 16:47:47 [error] [php] Undefined variable: url (C:\xampp\htdocs\03042017\www\protected\controllers\PostController.php:14)
Stack trace:
#0 C:\xampp\htdocs\03042017\framework\web\actions\CInlineAction.php(47): CInlineAction->runWithParamsInternal()
#1 C:\xampp\htdocs\03042017\framework\web\CController.php(308): CInlineAction->runWithParams()
#2 C:\xampp\htdocs\03042017\framework\web\CController.php(286): PostController->runAction()
#3 C:\xampp\htdocs\03042017\framework\web\CController.php(265): PostController->runActionWithFilters()
#4 C:\xampp\htdocs\03042017\framework\web\CWebApplication.php(282): PostController->run()
#5 C:\xampp\htdocs\03042017\framework\web\CWebApplication.php(141): CWebApplication->runController()
#6 C:\xampp\htdocs\03042017\framework\base\CApplication.php(185): CWebApplication->processRequest()
#7 C:\xampp\htdocs\03042017\www\index.php(13): CWebApplication->run()
REQUEST_URI=/03042017/www/post/title_1
in C:\xampp\htdocs\03042017\www\protected\controllers\PostController.php (14)
in C:\xampp\htdocs\03042017\www\index.php (13)
2017/04/03 16:48:02 [error] [exception.CDbException] exception 'CDbException' with message 'Таблица "tbl_post" не содержит столбца "select".' in C:\xampp\htdocs\03042017\framework\db\schema\CDbCommandBuilder.php:697
Stack trace:
#0 C:\xampp\htdocs\03042017\framework\db\ar\CActiveRecord.php(1523): CDbCommandBuilder->createColumnCriteria(Object(CMysqlTableSchema), Object(CDbCriteria), '', Array, '`t`.')
#1 C:\xampp\htdocs\03042017\www\protected\controllers\PostController.php(18): CActiveRecord->findByAttributes(Object(CDbCriteria))
#2 [internal function]: PostController->actionView('title_1')
#3 C:\xampp\htdocs\03042017\framework\web\actions\CAction.php(109): ReflectionMethod->invokeArgs(Object(PostController), Array)
#4 C:\xampp\htdocs\03042017\framework\web\actions\CInlineAction.php(47): CAction->runWithParamsInternal(Object(PostController), Object(ReflectionMethod), Array)
#5 C:\xampp\htdocs\03042017\framework\web\CController.php(308): CInlineAction->runWithParams(Array)
#6 C:\xampp\htdocs\03042017\framework\web\CController.php(286): CController->runAction(Object(CInlineAction))
#7 C:\xampp\htdocs\03042017\framework\web\CController.php(265): CController->runActionWithFilters(Object(CInlineAction), Array)
#8 C:\xampp\htdocs\03042017\framework\web\CWebApplication.php(282): CController->run('view')
#9 C:\xampp\htdocs\03042017\framework\web\CWebApplication.php(141): CWebApplication->runController('post/view')
#10 C:\xampp\htdocs\03042017\framework\base\CApplication.php(185): CWebApplication->processRequest()
#11 C:\xampp\htdocs\03042017\www\index.php(13): CApplication->run()
#12 {main}
REQUEST_URI=/03042017/www/post/title_1
---
2017/04/03 16:48:21 [error] [exception.CDbException] exception 'CDbException' with message 'Таблица "tbl_post" не содержит столбца "select".' in C:\xampp\htdocs\03042017\framework\db\schema\CDbCommandBuilder.php:697
Stack trace:
#0 C:\xampp\htdocs\03042017\framework\db\ar\CActiveRecord.php(1523): CDbCommandBuilder->createColumnCriteria(Object(CMysqlTableSchema), Object(CDbCriteria), '', Array, '`t`.')
#1 C:\xampp\htdocs\03042017\www\protected\controllers\PostController.php(18): CActiveRecord->findByAttributes(Object(CDbCriteria))
#2 [internal function]: PostController->actionView('title_1')
#3 C:\xampp\htdocs\03042017\framework\web\actions\CAction.php(109): ReflectionMethod->invokeArgs(Object(PostController), Array)
#4 C:\xampp\htdocs\03042017\framework\web\actions\CInlineAction.php(47): CAction->runWithParamsInternal(Object(PostController), Object(ReflectionMethod), Array)
#5 C:\xampp\htdocs\03042017\framework\web\CController.php(308): CInlineAction->runWithParams(Array)
#6 C:\xampp\htdocs\03042017\framework\web\CController.php(286): CController->runAction(Object(CInlineAction))
#7 C:\xampp\htdocs\03042017\framework\web\CController.php(265): CController->runActionWithFilters(Object(CInlineAction), Array)
#8 C:\xampp\htdocs\03042017\framework\web\CWebApplication.php(282): CController->run('view')
#9 C:\xampp\htdocs\03042017\framework\web\CWebApplication.php(141): CWebApplication->runController('post/view')
#10 C:\xampp\htdocs\03042017\framework\base\CApplication.php(185): CWebApplication->processRequest()
#11 C:\xampp\htdocs\03042017\www\index.php(13): CApplication->run()
#12 {main}
REQUEST_URI=/03042017/www/post/title_1
---
2017/04/03 16:49:26 [error] [exception.CDbException] exception 'CDbException' with message 'Таблица "tbl_post" не содержит столбца "select".' in C:\xampp\htdocs\03042017\framework\db\schema\CDbCommandBuilder.php:697
Stack trace:
#0 C:\xampp\htdocs\03042017\framework\db\ar\CActiveRecord.php(1523): CDbCommandBuilder->createColumnCriteria(Object(CMysqlTableSchema), Object(CDbCriteria), '', Array, '`t`.')
#1 C:\xampp\htdocs\03042017\www\protected\controllers\PostController.php(18): CActiveRecord->findByAttributes(Object(CDbCriteria))
#2 [internal function]: PostController->actionView('title_1')
#3 C:\xampp\htdocs\03042017\framework\web\actions\CAction.php(109): ReflectionMethod->invokeArgs(Object(PostController), Array)
#4 C:\xampp\htdocs\03042017\framework\web\actions\CInlineAction.php(47): CAction->runWithParamsInternal(Object(PostController), Object(ReflectionMethod), Array)
#5 C:\xampp\htdocs\03042017\framework\web\CController.php(308): CInlineAction->runWithParams(Array)
#6 C:\xampp\htdocs\03042017\framework\web\CController.php(286): CController->runAction(Object(CInlineAction))
#7 C:\xampp\htdocs\03042017\framework\web\CController.php(265): CController->runActionWithFilters(Object(CInlineAction), Array)
#8 C:\xampp\htdocs\03042017\framework\web\CWebApplication.php(282): CController->run('view')
#9 C:\xampp\htdocs\03042017\framework\web\CWebApplication.php(141): CWebApplication->runController('post/view')
#10 C:\xampp\htdocs\03042017\framework\base\CApplication.php(185): CWebApplication->processRequest()
#11 C:\xampp\htdocs\03042017\www\index.php(13): CApplication->run()
#12 {main}
REQUEST_URI=/03042017/www/post/title_1
---
2017/04/03 16:50:07 [error] [exception.CDbException] exception 'CDbException' with message 'Таблица "tbl_post" не содержит столбца "select".' in C:\xampp\htdocs\03042017\framework\db\schema\CDbCommandBuilder.php:697
Stack trace:
#0 C:\xampp\htdocs\03042017\framework\db\ar\CActiveRecord.php(1523): CDbCommandBuilder->createColumnCriteria(Object(CMysqlTableSchema), Object(CDbCriteria), '', Array, '`t`.')
#1 C:\xampp\htdocs\03042017\www\protected\controllers\PostController.php(18): CActiveRecord->findByAttributes(Object(CDbCriteria))
#2 [internal function]: PostController->actionView('title_1')
#3 C:\xampp\htdocs\03042017\framework\web\actions\CAction.php(109): ReflectionMethod->invokeArgs(Object(PostController), Array)
#4 C:\xampp\htdocs\03042017\framework\web\actions\CInlineAction.php(47): CAction->runWithParamsInternal(Object(PostController), Object(ReflectionMethod), Array)
#5 C:\xampp\htdocs\03042017\framework\web\CController.php(308): CInlineAction->runWithParams(Array)
#6 C:\xampp\htdocs\03042017\framework\web\CController.php(286): CController->runAction(Object(CInlineAction))
#7 C:\xampp\htdocs\03042017\framework\web\CController.php(265): CController->runActionWithFilters(Object(CInlineAction), Array)
#8 C:\xampp\htdocs\03042017\framework\web\CWebApplication.php(282): CController->run('view')
#9 C:\xampp\htdocs\03042017\framework\web\CWebApplication.php(141): CWebApplication->runController('post/view')
#10 C:\xampp\htdocs\03042017\framework\base\CApplication.php(185): CWebApplication->processRequest()
#11 C:\xampp\htdocs\03042017\www\index.php(13): CApplication->run()
#12 {main}
REQUEST_URI=/03042017/www/post/title_1
---
2017/04/03 16:50:19 [error] [exception.CDbException] exception 'CDbException' with message 'Таблица "tbl_post" не содержит столбца "select".' in C:\xampp\htdocs\03042017\framework\db\schema\CDbCommandBuilder.php:697
Stack trace:
#0 C:\xampp\htdocs\03042017\framework\db\ar\CActiveRecord.php(1523): CDbCommandBuilder->createColumnCriteria(Object(CMysqlTableSchema), Object(CDbCriteria), '', Array, '`t`.')
#1 C:\xampp\htdocs\03042017\www\protected\controllers\PostController.php(18): CActiveRecord->findByAttributes(Object(CDbCriteria))
#2 [internal function]: PostController->actionView('title_1')
#3 C:\xampp\htdocs\03042017\framework\web\actions\CAction.php(109): ReflectionMethod->invokeArgs(Object(PostController), Array)
#4 C:\xampp\htdocs\03042017\framework\web\actions\CInlineAction.php(47): CAction->runWithParamsInternal(Object(PostController), Object(ReflectionMethod), Array)
#5 C:\xampp\htdocs\03042017\framework\web\CController.php(308): CInlineAction->runWithParams(Array)
#6 C:\xampp\htdocs\03042017\framework\web\CController.php(286): CController->runAction(Object(CInlineAction))
#7 C:\xampp\htdocs\03042017\framework\web\CController.php(265): CController->runActionWithFilters(Object(CInlineAction), Array)
#8 C:\xampp\htdocs\03042017\framework\web\CWebApplication.php(282): CController->run('view')
#9 C:\xampp\htdocs\03042017\framework\web\CWebApplication.php(141): CWebApplication->runController('post/view')
#10 C:\xampp\htdocs\03042017\framework\base\CApplication.php(185): CWebApplication->processRequest()
#11 C:\xampp\htdocs\03042017\www\index.php(13): CApplication->run()
#12 {main}
REQUEST_URI=/03042017/www/post/title_1
---
2017/04/03 16:51:24 [error] [system.db.CDbCommand] Не удалось выполнить CDbCommand::fetch(): SQLSTATE[42S22]: Column not found: 1054 Unknown column 'title_1' in 'where clause'. Выполнявшийся SQL-запрос: SELECT * FROM `tbl_post` `t` WHERE title = title_1 LIMIT 1.
in C:\xampp\htdocs\03042017\www\protected\controllers\PostController.php (18)
in C:\xampp\htdocs\03042017\www\index.php (13)
2017/04/03 16:51:24 [error] [exception.CDbException] exception 'CDbException' with message 'CDbCommand не удалось исполнить SQL-запрос: SQLSTATE[42S22]: Column not found: 1054 Unknown column 'title_1' in 'where clause'. The SQL statement executed was: SELECT * FROM `tbl_post` `t` WHERE title = title_1 LIMIT 1' in C:\xampp\htdocs\03042017\framework\db\CDbCommand.php:543
Stack trace:
#0 C:\xampp\htdocs\03042017\framework\db\CDbCommand.php(415): CDbCommand->queryInternal('fetch', Array, Array)
#1 C:\xampp\htdocs\03042017\framework\db\ar\CActiveRecord.php(1356): CDbCommand->queryRow()
#2 C:\xampp\htdocs\03042017\framework\db\ar\CActiveRecord.php(1461): CActiveRecord->query(Object(CDbCriteria))
#3 C:\xampp\htdocs\03042017\www\protected\controllers\PostController.php(18): CActiveRecord->find(Object(CDbCriteria))
#4 [internal function]: PostController->actionView('title_1')
#5 C:\xampp\htdocs\03042017\framework\web\actions\CAction.php(109): ReflectionMethod->invokeArgs(Object(PostController), Array)
#6 C:\xampp\htdocs\03042017\framework\web\actions\CInlineAction.php(47): CAction->runWithParamsInternal(Object(PostController), Object(ReflectionMethod), Array)
#7 C:\xampp\htdocs\03042017\framework\web\CController.php(308): CInlineAction->runWithParams(Array)
#8 C:\xampp\htdocs\03042017\framework\web\CController.php(286): CController->runAction(Object(CInlineAction))
#9 C:\xampp\htdocs\03042017\framework\web\CController.php(265): CController->runActionWithFilters(Object(CInlineAction), Array)
#10 C:\xampp\htdocs\03042017\framework\web\CWebApplication.php(282): CController->run('view')
#11 C:\xampp\htdocs\03042017\framework\web\CWebApplication.php(141): CWebApplication->runController('post/view')
#12 C:\xampp\htdocs\03042017\framework\base\CApplication.php(185): CWebApplication->processRequest()
#13 C:\xampp\htdocs\03042017\www\index.php(13): CApplication->run()
#14 {main}
REQUEST_URI=/03042017/www/post/title_1
---
2017/04/03 16:51:39 [error] [system.db.CDbCommand] Не удалось выполнить CDbCommand::fetch(): SQLSTATE[HY093]: Invalid parameter number: no parameters were bound. Выполнявшийся SQL-запрос: SELECT * FROM `tbl_post` `t` WHERE title =:alias LIMIT 1.
in C:\xampp\htdocs\03042017\www\protected\controllers\PostController.php (18)
in C:\xampp\htdocs\03042017\www\index.php (13)
2017/04/03 16:51:39 [error] [exception.CDbException] exception 'CDbException' with message 'CDbCommand не удалось исполнить SQL-запрос: SQLSTATE[HY093]: Invalid parameter number: no parameters were bound. The SQL statement executed was: SELECT * FROM `tbl_post` `t` WHERE title =:alias LIMIT 1' in C:\xampp\htdocs\03042017\framework\db\CDbCommand.php:543
Stack trace:
#0 C:\xampp\htdocs\03042017\framework\db\CDbCommand.php(415): CDbCommand->queryInternal('fetch', Array, Array)
#1 C:\xampp\htdocs\03042017\framework\db\ar\CActiveRecord.php(1356): CDbCommand->queryRow()
#2 C:\xampp\htdocs\03042017\framework\db\ar\CActiveRecord.php(1461): CActiveRecord->query(Object(CDbCriteria))
#3 C:\xampp\htdocs\03042017\www\protected\controllers\PostController.php(18): CActiveRecord->find(Object(CDbCriteria))
#4 [internal function]: PostController->actionView('title_1')
#5 C:\xampp\htdocs\03042017\framework\web\actions\CAction.php(109): ReflectionMethod->invokeArgs(Object(PostController), Array)
#6 C:\xampp\htdocs\03042017\framework\web\actions\CInlineAction.php(47): CAction->runWithParamsInternal(Object(PostController), Object(ReflectionMethod), Array)
#7 C:\xampp\htdocs\03042017\framework\web\CController.php(308): CInlineAction->runWithParams(Array)
#8 C:\xampp\htdocs\03042017\framework\web\CController.php(286): CController->runAction(Object(CInlineAction))
#9 C:\xampp\htdocs\03042017\framework\web\CController.php(265): CController->runActionWithFilters(Object(CInlineAction), Array)
#10 C:\xampp\htdocs\03042017\framework\web\CWebApplication.php(282): CController->run('view')
#11 C:\xampp\htdocs\03042017\framework\web\CWebApplication.php(141): CWebApplication->runController('post/view')
#12 C:\xampp\htdocs\03042017\framework\base\CApplication.php(185): CWebApplication->processRequest()
#13 C:\xampp\htdocs\03042017\www\index.php(13): CApplication->run()
#14 {main}
REQUEST_URI=/03042017/www/post/title_1
---
2017/04/03 16:57:25 [error] [system.db.CDbCommand] Не удалось выполнить CDbCommand::fetch(): SQLSTATE[42S22]: Column not found: 1054 Unknown column '$alias' in 'where clause'. Выполнявшийся SQL-запрос: SELECT * FROM `tbl_post` `t` WHERE title = $alias LIMIT 1.
in C:\xampp\htdocs\03042017\www\protected\controllers\PostController.php (19)
in C:\xampp\htdocs\03042017\www\index.php (13)
2017/04/03 16:57:25 [error] [exception.CDbException] exception 'CDbException' with message 'CDbCommand не удалось исполнить SQL-запрос: SQLSTATE[42S22]: Column not found: 1054 Unknown column '$alias' in 'where clause'. The SQL statement executed was: SELECT * FROM `tbl_post` `t` WHERE title = $alias LIMIT 1' in C:\xampp\htdocs\03042017\framework\db\CDbCommand.php:543
Stack trace:
#0 C:\xampp\htdocs\03042017\framework\db\CDbCommand.php(415): CDbCommand->queryInternal('fetch', Array, Array)
#1 C:\xampp\htdocs\03042017\framework\db\ar\CActiveRecord.php(1356): CDbCommand->queryRow()
#2 C:\xampp\htdocs\03042017\framework\db\ar\CActiveRecord.php(1461): CActiveRecord->query(Object(CDbCriteria))
#3 C:\xampp\htdocs\03042017\www\protected\controllers\PostController.php(19): CActiveRecord->find(Object(CDbCriteria))
#4 [internal function]: PostController->actionView('1')
#5 C:\xampp\htdocs\03042017\framework\web\actions\CAction.php(109): ReflectionMethod->invokeArgs(Object(PostController), Array)
#6 C:\xampp\htdocs\03042017\framework\web\actions\CInlineAction.php(47): CAction->runWithParamsInternal(Object(PostController), Object(ReflectionMethod), Array)
#7 C:\xampp\htdocs\03042017\framework\web\CController.php(308): CInlineAction->runWithParams(Array)
#8 C:\xampp\htdocs\03042017\framework\web\CController.php(286): CController->runAction(Object(CInlineAction))
#9 C:\xampp\htdocs\03042017\framework\web\CController.php(265): CController->runActionWithFilters(Object(CInlineAction), Array)
#10 C:\xampp\htdocs\03042017\framework\web\CWebApplication.php(282): CController->run('view')
#11 C:\xampp\htdocs\03042017\framework\web\CWebApplication.php(141): CWebApplication->runController('post/view')
#12 C:\xampp\htdocs\03042017\framework\base\CApplication.php(185): CWebApplication->processRequest()
#13 C:\xampp\htdocs\03042017\www\index.php(13): CApplication->run()
#14 {main}
REQUEST_URI=/03042017/www/post/1
---
2017/04/03 16:57:36 [error] [system.db.CDbCommand] Не удалось выполнить CDbCommand::fetch(): SQLSTATE[HY093]: Invalid parameter number: no parameters were bound. Выполнявшийся SQL-запрос: SELECT * FROM `tbl_post` `t` WHERE title =:alias LIMIT 1.
in C:\xampp\htdocs\03042017\www\protected\controllers\PostController.php (19)
in C:\xampp\htdocs\03042017\www\index.php (13)
2017/04/03 16:57:36 [error] [exception.CDbException] exception 'CDbException' with message 'CDbCommand не удалось исполнить SQL-запрос: SQLSTATE[HY093]: Invalid parameter number: no parameters were bound. The SQL statement executed was: SELECT * FROM `tbl_post` `t` WHERE title =:alias LIMIT 1' in C:\xampp\htdocs\03042017\framework\db\CDbCommand.php:543
Stack trace:
#0 C:\xampp\htdocs\03042017\framework\db\CDbCommand.php(415): CDbCommand->queryInternal('fetch', Array, Array)
#1 C:\xampp\htdocs\03042017\framework\db\ar\CActiveRecord.php(1356): CDbCommand->queryRow()
#2 C:\xampp\htdocs\03042017\framework\db\ar\CActiveRecord.php(1461): CActiveRecord->query(Object(CDbCriteria))
#3 C:\xampp\htdocs\03042017\www\protected\controllers\PostController.php(19): CActiveRecord->find(Object(CDbCriteria))
#4 [internal function]: PostController->actionView('1')
#5 C:\xampp\htdocs\03042017\framework\web\actions\CAction.php(109): ReflectionMethod->invokeArgs(Object(PostController), Array)
#6 C:\xampp\htdocs\03042017\framework\web\actions\CInlineAction.php(47): CAction->runWithParamsInternal(Object(PostController), Object(ReflectionMethod), Array)
#7 C:\xampp\htdocs\03042017\framework\web\CController.php(308): CInlineAction->runWithParams(Array)
#8 C:\xampp\htdocs\03042017\framework\web\CController.php(286): CController->runAction(Object(CInlineAction))
#9 C:\xampp\htdocs\03042017\framework\web\CController.php(265): CController->runActionWithFilters(Object(CInlineAction), Array)
#10 C:\xampp\htdocs\03042017\framework\web\CWebApplication.php(282): CController->run('view')
#11 C:\xampp\htdocs\03042017\framework\web\CWebApplication.php(141): CWebApplication->runController('post/view')
#12 C:\xampp\htdocs\03042017\framework\base\CApplication.php(185): CWebApplication->processRequest()
#13 C:\xampp\htdocs\03042017\www\index.php(13): CApplication->run()
#14 {main}
REQUEST_URI=/03042017/www/post/1
---
2017/04/03 16:58:37 [error] [system.db.CDbCommand] Не удалось выполнить CDbCommand::fetch(): SQLSTATE[HY093]: Invalid parameter number: no parameters were bound. Выполнявшийся SQL-запрос: SELECT * FROM `tbl_post` `t` WHERE title = :alias LIMIT 1.
in C:\xampp\htdocs\03042017\www\protected\controllers\PostController.php (19)
in C:\xampp\htdocs\03042017\www\index.php (13)
2017/04/03 16:58:37 [error] [exception.CDbException] exception 'CDbException' with message 'CDbCommand не удалось исполнить SQL-запрос: SQLSTATE[HY093]: Invalid parameter number: no parameters were bound. The SQL statement executed was: SELECT * FROM `tbl_post` `t` WHERE title = :alias LIMIT 1' in C:\xampp\htdocs\03042017\framework\db\CDbCommand.php:543
Stack trace:
#0 C:\xampp\htdocs\03042017\framework\db\CDbCommand.php(415): CDbCommand->queryInternal('fetch', Array, Array)
#1 C:\xampp\htdocs\03042017\framework\db\ar\CActiveRecord.php(1356): CDbCommand->queryRow()
#2 C:\xampp\htdocs\03042017\framework\db\ar\CActiveRecord.php(1461): CActiveRecord->query(Object(CDbCriteria))
#3 C:\xampp\htdocs\03042017\www\protected\controllers\PostController.php(19): CActiveRecord->find(Object(CDbCriteria))
#4 [internal function]: PostController->actionView('1')
#5 C:\xampp\htdocs\03042017\framework\web\actions\CAction.php(109): ReflectionMethod->invokeArgs(Object(PostController), Array)
#6 C:\xampp\htdocs\03042017\framework\web\actions\CInlineAction.php(47): CAction->runWithParamsInternal(Object(PostController), Object(ReflectionMethod), Array)
#7 C:\xampp\htdocs\03042017\framework\web\CController.php(308): CInlineAction->runWithParams(Array)
#8 C:\xampp\htdocs\03042017\framework\web\CController.php(286): CController->runAction(Object(CInlineAction))
#9 C:\xampp\htdocs\03042017\framework\web\CController.php(265): CController->runActionWithFilters(Object(CInlineAction), Array)
#10 C:\xampp\htdocs\03042017\framework\web\CWebApplication.php(282): CController->run('view')
#11 C:\xampp\htdocs\03042017\framework\web\CWebApplication.php(141): CWebApplication->runController('post/view')
#12 C:\xampp\htdocs\03042017\framework\base\CApplication.php(185): CWebApplication->processRequest()
#13 C:\xampp\htdocs\03042017\www\index.php(13): CApplication->run()
#14 {main}
REQUEST_URI=/03042017/www/post/1
---
2017/04/03 16:58:44 [error] [system.db.CDbCommand] Не удалось выполнить CDbCommand::fetch(): SQLSTATE[HY093]: Invalid parameter number: no parameters were bound. Выполнявшийся SQL-запрос: SELECT * FROM `tbl_post` `t` WHERE title = :alias LIMIT 1.
in C:\xampp\htdocs\03042017\www\protected\controllers\PostController.php (19)
in C:\xampp\htdocs\03042017\www\index.php (13)
2017/04/03 16:58:44 [error] [exception.CDbException] exception 'CDbException' with message 'CDbCommand не удалось исполнить SQL-запрос: SQLSTATE[HY093]: Invalid parameter number: no parameters were bound. The SQL statement executed was: SELECT * FROM `tbl_post` `t` WHERE title = :alias LIMIT 1' in C:\xampp\htdocs\03042017\framework\db\CDbCommand.php:543
Stack trace:
#0 C:\xampp\htdocs\03042017\framework\db\CDbCommand.php(415): CDbCommand->queryInternal('fetch', Array, Array)
#1 C:\xampp\htdocs\03042017\framework\db\ar\CActiveRecord.php(1356): CDbCommand->queryRow()
#2 C:\xampp\htdocs\03042017\framework\db\ar\CActiveRecord.php(1461): CActiveRecord->query(Object(CDbCriteria))
#3 C:\xampp\htdocs\03042017\www\protected\controllers\PostController.php(19): CActiveRecord->find(Object(CDbCriteria))
#4 [internal function]: PostController->actionView('title_1')
#5 C:\xampp\htdocs\03042017\framework\web\actions\CAction.php(109): ReflectionMethod->invokeArgs(Object(PostController), Array)
#6 C:\xampp\htdocs\03042017\framework\web\actions\CInlineAction.php(47): CAction->runWithParamsInternal(Object(PostController), Object(ReflectionMethod), Array)
#7 C:\xampp\htdocs\03042017\framework\web\CController.php(308): CInlineAction->runWithParams(Array)
#8 C:\xampp\htdocs\03042017\framework\web\CController.php(286): CController->runAction(Object(CInlineAction))
#9 C:\xampp\htdocs\03042017\framework\web\CController.php(265): CController->runActionWithFilters(Object(CInlineAction), Array)
#10 C:\xampp\htdocs\03042017\framework\web\CWebApplication.php(282): CController->run('view')
#11 C:\xampp\htdocs\03042017\framework\web\CWebApplication.php(141): CWebApplication->runController('post/view')
#12 C:\xampp\htdocs\03042017\framework\base\CApplication.php(185): CWebApplication->processRequest()
#13 C:\xampp\htdocs\03042017\www\index.php(13): CApplication->run()
#14 {main}
REQUEST_URI=/03042017/www/post/title_1
---
2017/04/03 17:00:59 [error] [system.db.CDbCommand] Не удалось выполнить CDbCommand::fetchAll(): SQLSTATE[HY093]: Invalid parameter number: no parameters were bound. Выполнявшийся SQL-запрос: SELECT * FROM `tbl_post` `t` WHERE title = :alias.
in C:\xampp\htdocs\03042017\www\protected\controllers\PostController.php (19)
in C:\xampp\htdocs\03042017\www\index.php (13)
2017/04/03 17:00:59 [error] [exception.CDbException] exception 'CDbException' with message 'CDbCommand не удалось исполнить SQL-запрос: SQLSTATE[HY093]: Invalid parameter number: no parameters were bound. The SQL statement executed was: SELECT * FROM `tbl_post` `t` WHERE title = :alias' in C:\xampp\htdocs\03042017\framework\db\CDbCommand.php:543
Stack trace:
#0 C:\xampp\htdocs\03042017\framework\db\CDbCommand.php(396): CDbCommand->queryInternal('fetchAll', Array, Array)
#1 C:\xampp\htdocs\03042017\framework\db\ar\CActiveRecord.php(1356): CDbCommand->queryAll()
#2 C:\xampp\htdocs\03042017\framework\db\ar\CActiveRecord.php(1475): CActiveRecord->query(Object(CDbCriteria), true)
#3 C:\xampp\htdocs\03042017\www\protected\controllers\PostController.php(19): CActiveRecord->findAll(Object(CDbCriteria))
#4 [internal function]: PostController->actionView('title_1')
#5 C:\xampp\htdocs\03042017\framework\web\actions\CAction.php(109): ReflectionMethod->invokeArgs(Object(PostController), Array)
#6 C:\xampp\htdocs\03042017\framework\web\actions\CInlineAction.php(47): CAction->runWithParamsInternal(Object(PostController), Object(ReflectionMethod), Array)
#7 C:\xampp\htdocs\03042017\framework\web\CController.php(308): CInlineAction->runWithParams(Array)
#8 C:\xampp\htdocs\03042017\framework\web\CController.php(286): CController->runAction(Object(CInlineAction))
#9 C:\xampp\htdocs\03042017\framework\web\CController.php(265): CController->runActionWithFilters(Object(CInlineAction), Array)
#10 C:\xampp\htdocs\03042017\framework\web\CWebApplication.php(282): CController->run('view')
#11 C:\xampp\htdocs\03042017\framework\web\CWebApplication.php(141): CWebApplication->runController('post/view')
#12 C:\xampp\htdocs\03042017\framework\base\CApplication.php(185): CWebApplication->processRequest()
#13 C:\xampp\htdocs\03042017\www\index.php(13): CApplication->run()
#14 {main}
REQUEST_URI=/03042017/www/post/title_1
---
2017/04/03 17:04:45 [error] [system.db.CDbCommand] Не удалось выполнить CDbCommand::fetchAll(): SQLSTATE[HY093]: Invalid parameter number: no parameters were bound. Выполнявшийся SQL-запрос: SELECT * FROM `tbl_post` `t` WHERE title = :alias.
in C:\xampp\htdocs\03042017\www\protected\controllers\PostController.php (19)
in C:\xampp\htdocs\03042017\www\index.php (13)
2017/04/03 17:04:45 [error] [exception.CDbException] exception 'CDbException' with message 'CDbCommand не удалось исполнить SQL-запрос: SQLSTATE[HY093]: Invalid parameter number: no parameters were bound. The SQL statement executed was: SELECT * FROM `tbl_post` `t` WHERE title = :alias' in C:\xampp\htdocs\03042017\framework\db\CDbCommand.php:543
Stack trace:
#0 C:\xampp\htdocs\03042017\framework\db\CDbCommand.php(396): CDbCommand->queryInternal('fetchAll', Array, Array)
#1 C:\xampp\htdocs\03042017\framework\db\ar\CActiveRecord.php(1356): CDbCommand->queryAll()
#2 C:\xampp\htdocs\03042017\framework\db\ar\CActiveRecord.php(1475): CActiveRecord->query(Object(CDbCriteria), true)
#3 C:\xampp\htdocs\03042017\www\protected\controllers\PostController.php(19): CActiveRecord->findAll(Object(CDbCriteria))
#4 [internal function]: PostController->actionView('title_1')
#5 C:\xampp\htdocs\03042017\framework\web\actions\CAction.php(109): ReflectionMethod->invokeArgs(Object(PostController), Array)
#6 C:\xampp\htdocs\03042017\framework\web\actions\CInlineAction.php(47): CAction->runWithParamsInternal(Object(PostController), Object(ReflectionMethod), Array)
#7 C:\xampp\htdocs\03042017\framework\web\CController.php(308): CInlineAction->runWithParams(Array)
#8 C:\xampp\htdocs\03042017\framework\web\CController.php(286): CController->runAction(Object(CInlineAction))
#9 C:\xampp\htdocs\03042017\framework\web\CController.php(265): CController->runActionWithFilters(Object(CInlineAction), Array)
#10 C:\xampp\htdocs\03042017\framework\web\CWebApplication.php(282): CController->run('view')
#11 C:\xampp\htdocs\03042017\framework\web\CWebApplication.php(141): CWebApplication->runController('post/view')
#12 C:\xampp\htdocs\03042017\framework\base\CApplication.php(185): CWebApplication->processRequest()
#13 C:\xampp\htdocs\03042017\www\index.php(13): CApplication->run()
#14 {main}
REQUEST_URI=/03042017/www/post/title_1
---
2017/04/03 17:05:05 [error] [php] Trying to get property of non-object (C:\xampp\htdocs\03042017\www\protected\views\post\view.php:3)
Stack trace:
#0 C:\xampp\htdocs\03042017\framework\web\CController.php(869): PostController->renderFile()
#1 C:\xampp\htdocs\03042017\framework\web\CController.php(782): PostController->renderPartial()
#2 C:\xampp\htdocs\03042017\www\protected\controllers\PostController.php(23): PostController->render()
#3 unknown(0): PostController->actionView()
#4 C:\xampp\htdocs\03042017\framework\web\actions\CAction.php(109): ReflectionMethod->invokeArgs()
#5 C:\xampp\htdocs\03042017\framework\web\actions\CInlineAction.php(47): CInlineAction->runWithParamsInternal()
#6 C:\xampp\htdocs\03042017\framework\web\CController.php(308): CInlineAction->runWithParams()
#7 C:\xampp\htdocs\03042017\framework\web\CController.php(286): PostController->runAction()
#8 C:\xampp\htdocs\03042017\framework\web\CController.php(265): PostController->runActionWithFilters()
#9 C:\xampp\htdocs\03042017\framework\web\CWebApplication.php(282): PostController->run()
#10 C:\xampp\htdocs\03042017\framework\web\CWebApplication.php(141): CWebApplication->runController()
#11 C:\xampp\htdocs\03042017\framework\base\CApplication.php(185): CWebApplication->processRequest()
#12 C:\xampp\htdocs\03042017\www\index.php(13): CWebApplication->run()
REQUEST_URI=/03042017/www/post/title_1
in C:\xampp\htdocs\03042017\www\protected\views\post\view.php (3)
in C:\xampp\htdocs\03042017\www\protected\controllers\PostController.php (23)
in C:\xampp\htdocs\03042017\www\index.php (13)
2017/04/03 17:05:26 [error] [php] Array to string conversion (C:\xampp\htdocs\03042017\www\protected\controllers\PostController.php:24)
Stack trace:
#0 C:\xampp\htdocs\03042017\framework\web\actions\CInlineAction.php(47): CInlineAction->runWithParamsInternal()
#1 C:\xampp\htdocs\03042017\framework\web\CController.php(308): CInlineAction->runWithParams()
#2 C:\xampp\htdocs\03042017\framework\web\CController.php(286): PostController->runAction()
#3 C:\xampp\htdocs\03042017\framework\web\CController.php(265): PostController->runActionWithFilters()
#4 C:\xampp\htdocs\03042017\framework\web\CWebApplication.php(282): PostController->run()
#5 C:\xampp\htdocs\03042017\framework\web\CWebApplication.php(141): CWebApplication->runController()
#6 C:\xampp\htdocs\03042017\framework\base\CApplication.php(185): CWebApplication->processRequest()
#7 C:\xampp\htdocs\03042017\www\index.php(13): CWebApplication->run()
REQUEST_URI=/03042017/www/post/title_1
in C:\xampp\htdocs\03042017\www\protected\controllers\PostController.php (24)
in C:\xampp\htdocs\03042017\www\index.php (13)
2017/04/03 17:05:57 [error] [php] Trying to get property of non-object (C:\xampp\htdocs\03042017\www\protected\views\post\view.php:3)
Stack trace:
#0 C:\xampp\htdocs\03042017\framework\web\CController.php(869): PostController->renderFile()
#1 C:\xampp\htdocs\03042017\framework\web\CController.php(782): PostController->renderPartial()
#2 C:\xampp\htdocs\03042017\www\protected\controllers\PostController.php(23): PostController->render()
#3 unknown(0): PostController->actionView()
#4 C:\xampp\htdocs\03042017\framework\web\actions\CAction.php(109): ReflectionMethod->invokeArgs()
#5 C:\xampp\htdocs\03042017\framework\web\actions\CInlineAction.php(47): CInlineAction->runWithParamsInternal()
#6 C:\xampp\htdocs\03042017\framework\web\CController.php(308): CInlineAction->runWithParams()
#7 C:\xampp\htdocs\03042017\framework\web\CController.php(286): PostController->runAction()
#8 C:\xampp\htdocs\03042017\framework\web\CController.php(265): PostController->runActionWithFilters()
#9 C:\xampp\htdocs\03042017\framework\web\CWebApplication.php(282): PostController->run()
#10 C:\xampp\htdocs\03042017\framework\web\CWebApplication.php(141): CWebApplication->runController()
#11 C:\xampp\htdocs\03042017\framework\base\CApplication.php(185): CWebApplication->processRequest()
#12 C:\xampp\htdocs\03042017\www\index.php(13): CWebApplication->run()
REQUEST_URI=/03042017/www/post/title_1
in C:\xampp\htdocs\03042017\www\protected\views\post\view.php (3)
in C:\xampp\htdocs\03042017\www\protected\controllers\PostController.php (23)
in C:\xampp\htdocs\03042017\www\index.php (13)
2017/04/03 17:10:43 [error] [system.db.CDbCommand] Не удалось выполнить CDbCommand::fetch(): SQLSTATE[HY093]: Invalid parameter number: no parameters were bound. Выполнявшийся SQL-запрос: SELECT * FROM `tbl_post` `t` WHERE post.title =:alias LIMIT 1.
in C:\xampp\htdocs\03042017\www\protected\controllers\PostController.php (20)
in C:\xampp\htdocs\03042017\www\index.php (13)
2017/04/03 17:10:43 [error] [exception.CDbException] exception 'CDbException' with message 'CDbCommand не удалось исполнить SQL-запрос: SQLSTATE[HY093]: Invalid parameter number: no parameters were bound. The SQL statement executed was: SELECT * FROM `tbl_post` `t` WHERE post.title =:alias LIMIT 1' in C:\xampp\htdocs\03042017\framework\db\CDbCommand.php:543
Stack trace:
#0 C:\xampp\htdocs\03042017\framework\db\CDbCommand.php(415): CDbCommand->queryInternal('fetch', Array, Array)
#1 C:\xampp\htdocs\03042017\framework\db\ar\CActiveRecord.php(1356): CDbCommand->queryRow()
#2 C:\xampp\htdocs\03042017\framework\db\ar\CActiveRecord.php(1461): CActiveRecord->query(Object(CDbCriteria))
#3 C:\xampp\htdocs\03042017\www\protected\controllers\PostController.php(20): CActiveRecord->find(Object(CDbCriteria))
#4 [internal function]: PostController->actionView('title')
#5 C:\xampp\htdocs\03042017\framework\web\actions\CAction.php(109): ReflectionMethod->invokeArgs(Object(PostController), Array)
#6 C:\xampp\htdocs\03042017\framework\web\actions\CInlineAction.php(47): CAction->runWithParamsInternal(Object(PostController), Object(ReflectionMethod), Array)
#7 C:\xampp\htdocs\03042017\framework\web\CController.php(308): CInlineAction->runWithParams(Array)
#8 C:\xampp\htdocs\03042017\framework\web\CController.php(286): CController->runAction(Object(CInlineAction))
#9 C:\xampp\htdocs\03042017\framework\web\CController.php(265): CController->runActionWithFilters(Object(CInlineAction), Array)
#10 C:\xampp\htdocs\03042017\framework\web\CWebApplication.php(282): CController->run('view')
#11 C:\xampp\htdocs\03042017\framework\web\CWebApplication.php(141): CWebApplication->runController('post/view')
#12 C:\xampp\htdocs\03042017\framework\base\CApplication.php(185): CWebApplication->processRequest()
#13 C:\xampp\htdocs\03042017\www\index.php(13): CApplication->run()
#14 {main}
REQUEST_URI=/03042017/www/post/title
---
2017/04/03 17:11:04 [error] [system.db.CDbCommand] Не удалось выполнить CDbCommand::fetchAll(): SQLSTATE[HY093]: Invalid parameter number: no parameters were bound. Выполнявшийся SQL-запрос: SELECT * FROM `tbl_post` `t` WHERE post.title =:alias.
in C:\xampp\htdocs\03042017\www\protected\controllers\PostController.php (20)
in C:\xampp\htdocs\03042017\www\index.php (13)
2017/04/03 17:11:04 [error] [exception.CDbException] exception 'CDbException' with message 'CDbCommand не удалось исполнить SQL-запрос: SQLSTATE[HY093]: Invalid parameter number: no parameters were bound. The SQL statement executed was: SELECT * FROM `tbl_post` `t` WHERE post.title =:alias' in C:\xampp\htdocs\03042017\framework\db\CDbCommand.php:543
Stack trace:
#0 C:\xampp\htdocs\03042017\framework\db\CDbCommand.php(396): CDbCommand->queryInternal('fetchAll', Array, Array)
#1 C:\xampp\htdocs\03042017\framework\db\ar\CActiveRecord.php(1356): CDbCommand->queryAll()
#2 C:\xampp\htdocs\03042017\framework\db\ar\CActiveRecord.php(1475): CActiveRecord->query(Object(CDbCriteria), true)
#3 C:\xampp\htdocs\03042017\www\protected\controllers\PostController.php(20): CActiveRecord->findAll(Object(CDbCriteria))
#4 [internal function]: PostController->actionView('title')
#5 C:\xampp\htdocs\03042017\framework\web\actions\CAction.php(109): ReflectionMethod->invokeArgs(Object(PostController), Array)
#6 C:\xampp\htdocs\03042017\framework\web\actions\CInlineAction.php(47): CAction->runWithParamsInternal(Object(PostController), Object(ReflectionMethod), Array)
#7 C:\xampp\htdocs\03042017\framework\web\CController.php(308): CInlineAction->runWithParams(Array)
#8 C:\xampp\htdocs\03042017\framework\web\CController.php(286): CController->runAction(Object(CInlineAction))
#9 C:\xampp\htdocs\03042017\framework\web\CController.php(265): CController->runActionWithFilters(Object(CInlineAction), Array)
#10 C:\xampp\htdocs\03042017\framework\web\CWebApplication.php(282): CController->run('view')
#11 C:\xampp\htdocs\03042017\framework\web\CWebApplication.php(141): CWebApplication->runController('post/view')
#12 C:\xampp\htdocs\03042017\framework\base\CApplication.php(185): CWebApplication->processRequest()
#13 C:\xampp\htdocs\03042017\www\index.php(13): CApplication->run()
#14 {main}
REQUEST_URI=/03042017/www/post/title
---
2017/04/03 17:11:13 [error] [system.db.CDbCommand] Не удалось выполнить CDbCommand::fetchAll(): SQLSTATE[HY093]: Invalid parameter number: no parameters were bound. Выполнявшийся SQL-запрос: SELECT * FROM `tbl_post` `t` WHERE title =:alias.
in C:\xampp\htdocs\03042017\www\protected\controllers\PostController.php (20)
in C:\xampp\htdocs\03042017\www\index.php (13)
2017/04/03 17:11:13 [error] [exception.CDbException] exception 'CDbException' with message 'CDbCommand не удалось исполнить SQL-запрос: SQLSTATE[HY093]: Invalid parameter number: no parameters were bound. The SQL statement executed was: SELECT * FROM `tbl_post` `t` WHERE title =:alias' in C:\xampp\htdocs\03042017\framework\db\CDbCommand.php:543
Stack trace:
#0 C:\xampp\htdocs\03042017\framework\db\CDbCommand.php(396): CDbCommand->queryInternal('fetchAll', Array, Array)
#1 C:\xampp\htdocs\03042017\framework\db\ar\CActiveRecord.php(1356): CDbCommand->queryAll()
#2 C:\xampp\htdocs\03042017\framework\db\ar\CActiveRecord.php(1475): CActiveRecord->query(Object(CDbCriteria), true)
#3 C:\xampp\htdocs\03042017\www\protected\controllers\PostController.php(20): CActiveRecord->findAll(Object(CDbCriteria))
#4 [internal function]: PostController->actionView('title')
#5 C:\xampp\htdocs\03042017\framework\web\actions\CAction.php(109): ReflectionMethod->invokeArgs(Object(PostController), Array)
#6 C:\xampp\htdocs\03042017\framework\web\actions\CInlineAction.php(47): CAction->runWithParamsInternal(Object(PostController), Object(ReflectionMethod), Array)
#7 C:\xampp\htdocs\03042017\framework\web\CController.php(308): CInlineAction->runWithParams(Array)
#8 C:\xampp\htdocs\03042017\framework\web\CController.php(286): CController->runAction(Object(CInlineAction))
#9 C:\xampp\htdocs\03042017\framework\web\CController.php(265): CController->runActionWithFilters(Object(CInlineAction), Array)
#10 C:\xampp\htdocs\03042017\framework\web\CWebApplication.php(282): CController->run('view')
#11 C:\xampp\htdocs\03042017\framework\web\CWebApplication.php(141): CWebApplication->runController('post/view')
#12 C:\xampp\htdocs\03042017\framework\base\CApplication.php(185): CWebApplication->processRequest()
#13 C:\xampp\htdocs\03042017\www\index.php(13): CApplication->run()
#14 {main}
REQUEST_URI=/03042017/www/post/title
---
2017/04/03 18:27:56 [error] [system.db.CDbCommand] Не удалось выполнить CDbCommand::fetchAll(): SQLSTATE[HY093]: Invalid parameter number: no parameters were bound. Выполнявшийся SQL-запрос: SELECT * FROM `tbl_post` `t` WHERE title =:alias.
in C:\xampp\htdocs\03042017\www\protected\controllers\PostController.php (20)
in C:\xampp\htdocs\03042017\www\index.php (13)
2017/04/03 18:27:56 [error] [exception.CDbException] exception 'CDbException' with message 'CDbCommand не удалось исполнить SQL-запрос: SQLSTATE[HY093]: Invalid parameter number: no parameters were bound. The SQL statement executed was: SELECT * FROM `tbl_post` `t` WHERE title =:alias' in C:\xampp\htdocs\03042017\framework\db\CDbCommand.php:543
Stack trace:
#0 C:\xampp\htdocs\03042017\framework\db\CDbCommand.php(396): CDbCommand->queryInternal('fetchAll', Array, Array)
#1 C:\xampp\htdocs\03042017\framework\db\ar\CActiveRecord.php(1356): CDbCommand->queryAll()
#2 C:\xampp\htdocs\03042017\framework\db\ar\CActiveRecord.php(1475): CActiveRecord->query(Object(CDbCriteria), true)
#3 C:\xampp\htdocs\03042017\www\protected\controllers\PostController.php(20): CActiveRecord->findAll(Object(CDbCriteria))
#4 [internal function]: PostController->actionView('title')
#5 C:\xampp\htdocs\03042017\framework\web\actions\CAction.php(109): ReflectionMethod->invokeArgs(Object(PostController), Array)
#6 C:\xampp\htdocs\03042017\framework\web\actions\CInlineAction.php(47): CAction->runWithParamsInternal(Object(PostController), Object(ReflectionMethod), Array)
#7 C:\xampp\htdocs\03042017\framework\web\CController.php(308): CInlineAction->runWithParams(Array)
#8 C:\xampp\htdocs\03042017\framework\web\CController.php(286): CController->runAction(Object(CInlineAction))
#9 C:\xampp\htdocs\03042017\framework\web\CController.php(265): CController->runActionWithFilters(Object(CInlineAction), Array)
#10 C:\xampp\htdocs\03042017\framework\web\CWebApplication.php(282): CController->run('view')
#11 C:\xampp\htdocs\03042017\framework\web\CWebApplication.php(141): CWebApplication->runController('post/view')
#12 C:\xampp\htdocs\03042017\framework\base\CApplication.php(185): CWebApplication->processRequest()
#13 C:\xampp\htdocs\03042017\www\index.php(13): CApplication->run()
#14 {main}
REQUEST_URI=/03042017/www/post/title
---
2017/04/03 18:28:37 [error] [exception.CException] exception 'CException' with message 'Не определено свойство "CDbCriteria.param".' in C:\xampp\htdocs\03042017\framework\base\CComponent.php:173
Stack trace:
#0 C:\xampp\htdocs\03042017\www\protected\controllers\PostController.php(17): CComponent->__set('param', 'title =:alias')
#1 [internal function]: PostController->actionView('title')
#2 C:\xampp\htdocs\03042017\framework\web\actions\CAction.php(109): ReflectionMethod->invokeArgs(Object(PostController), Array)
#3 C:\xampp\htdocs\03042017\framework\web\actions\CInlineAction.php(47): CAction->runWithParamsInternal(Object(PostController), Object(ReflectionMethod), Array)
#4 C:\xampp\htdocs\03042017\framework\web\CController.php(308): CInlineAction->runWithParams(Array)
#5 C:\xampp\htdocs\03042017\framework\web\CController.php(286): CController->runAction(Object(CInlineAction))
#6 C:\xampp\htdocs\03042017\framework\web\CController.php(265): CController->runActionWithFilters(Object(CInlineAction), Array)
#7 C:\xampp\htdocs\03042017\framework\web\CWebApplication.php(282): CController->run('view')
#8 C:\xampp\htdocs\03042017\framework\web\CWebApplication.php(141): CWebApplication->runController('post/view')
#9 C:\xampp\htdocs\03042017\framework\base\CApplication.php(185): CWebApplication->processRequest()
#10 C:\xampp\htdocs\03042017\www\index.php(13): CApplication->run()
#11 {main}
REQUEST_URI=/03042017/www/post/title
---
2017/04/03 18:30:05 [error] [php] Trying to get property of non-object (C:\xampp\htdocs\03042017\www\protected\views\post\view.php:3)
Stack trace:
#0 C:\xampp\htdocs\03042017\framework\web\CController.php(869): PostController->renderFile()
#1 C:\xampp\htdocs\03042017\framework\web\CController.php(782): PostController->renderPartial()
#2 C:\xampp\htdocs\03042017\www\protected\controllers\PostController.php(23): PostController->render()
#3 unknown(0): PostController->actionView()
#4 C:\xampp\htdocs\03042017\framework\web\actions\CAction.php(109): ReflectionMethod->invokeArgs()
#5 C:\xampp\htdocs\03042017\framework\web\actions\CInlineAction.php(47): CInlineAction->runWithParamsInternal()
#6 C:\xampp\htdocs\03042017\framework\web\CController.php(308): CInlineAction->runWithParams()
#7 C:\xampp\htdocs\03042017\framework\web\CController.php(286): PostController->runAction()
#8 C:\xampp\htdocs\03042017\framework\web\CController.php(265): PostController->runActionWithFilters()
#9 C:\xampp\htdocs\03042017\framework\web\CWebApplication.php(282): PostController->run()
#10 C:\xampp\htdocs\03042017\framework\web\CWebApplication.php(141): CWebApplication->runController()
#11 C:\xampp\htdocs\03042017\framework\base\CApplication.php(185): CWebApplication->processRequest()
#12 C:\xampp\htdocs\03042017\www\index.php(13): CWebApplication->run()
REQUEST_URI=/03042017/www/post/title
in C:\xampp\htdocs\03042017\www\protected\views\post\view.php (3)
in C:\xampp\htdocs\03042017\www\protected\controllers\PostController.php (23)
in C:\xampp\htdocs\03042017\www\index.php (13)
2017/04/03 20:38:19 [error] [exception.CHttpException.404] exception 'CHttpException' with message 'Системе не удалось найти запрашиваемое действие "view".' in C:\xampp\htdocs\03042017\framework\web\CController.php:483
Stack trace:
#0 C:\xampp\htdocs\03042017\framework\web\CController.php(270): CController->missingAction('view')
#1 C:\xampp\htdocs\03042017\framework\web\CWebApplication.php(282): CController->run('view')
#2 C:\xampp\htdocs\03042017\framework\web\CWebApplication.php(141): CWebApplication->runController('site/view')
#3 C:\xampp\htdocs\03042017\framework\base\CApplication.php(185): CWebApplication->processRequest()
#4 C:\xampp\htdocs\03042017\www\index.php(13): CApplication->run()
#5 {main}
REQUEST_URI=/03042017/www/site/index
HTTP_REFERER=http://localhost/03042017/www/post/title_1
---
2017/04/03 20:40:07 [error] [exception.CHttpException.404] exception 'CHttpException' with message 'Системе не удалось найти запрашиваемое действие "view".' in C:\xampp\htdocs\03042017\framework\web\CController.php:483
Stack trace:
#0 C:\xampp\htdocs\03042017\framework\web\CController.php(270): CController->missingAction('view')
#1 C:\xampp\htdocs\03042017\framework\web\CWebApplication.php(282): CController->run('view')
#2 C:\xampp\htdocs\03042017\framework\web\CWebApplication.php(141): CWebApplication->runController('site/view')
#3 C:\xampp\htdocs\03042017\framework\base\CApplication.php(185): CWebApplication->processRequest()
#4 C:\xampp\htdocs\03042017\www\index.php(13): CApplication->run()
#5 {main}
REQUEST_URI=/03042017/www/site/index
HTTP_REFERER=http://localhost/03042017/www/post/title_1
---
2017/04/03 20:41:03 [error] [exception.CHttpException.404] exception 'CHttpException' with message 'Системе не удалось найти запрашиваемое действие "view".' in C:\xampp\htdocs\03042017\framework\web\CController.php:483
Stack trace:
#0 C:\xampp\htdocs\03042017\framework\web\CController.php(270): CController->missingAction('view')
#1 C:\xampp\htdocs\03042017\framework\web\CWebApplication.php(282): CController->run('view')
#2 C:\xampp\htdocs\03042017\framework\web\CWebApplication.php(141): CWebApplication->runController('site/view')
#3 C:\xampp\htdocs\03042017\framework\base\CApplication.php(185): CWebApplication->processRequest()
#4 C:\xampp\htdocs\03042017\www\index.php(13): CApplication->run()
#5 {main}
REQUEST_URI=/03042017/www/site/index
HTTP_REFERER=http://localhost/03042017/www/post/title_1
---
2017/04/03 20:48:44 [error] [php] Creating default object from empty value (C:\xampp\htdocs\03042017\www\protected\controllers\PostController.php:13)
Stack trace:
#0 C:\xampp\htdocs\03042017\framework\web\CController.php(286): PostController->runAction()
#1 C:\xampp\htdocs\03042017\framework\web\CController.php(265): PostController->runActionWithFilters()
#2 C:\xampp\htdocs\03042017\framework\web\CWebApplication.php(282): PostController->run()
#3 C:\xampp\htdocs\03042017\framework\web\CWebApplication.php(141): CWebApplication->runController()
#4 C:\xampp\htdocs\03042017\framework\base\CApplication.php(185): CWebApplication->processRequest()
#5 C:\xampp\htdocs\03042017\www\index.php(13): CWebApplication->run()
REQUEST_URI=/03042017/www/post/index
in C:\xampp\htdocs\03042017\www\protected\controllers\PostController.php (13)
in C:\xampp\htdocs\03042017\www\index.php (13)
2017/04/03 20:49:35 [error] [php] Undefined variable: model (C:\xampp\htdocs\03042017\www\protected\views\post\index.php:15)
Stack trace:
#0 C:\xampp\htdocs\03042017\framework\web\CController.php(869): PostController->renderFile()
#1 C:\xampp\htdocs\03042017\framework\web\CController.php(782): PostController->renderPartial()
#2 C:\xampp\htdocs\03042017\www\protected\controllers\PostController.php(18): PostController->render()
#3 C:\xampp\htdocs\03042017\framework\web\actions\CInlineAction.php(49): PostController->actionIndex()
#4 C:\xampp\htdocs\03042017\framework\web\CController.php(308): CInlineAction->runWithParams()
#5 C:\xampp\htdocs\03042017\framework\web\CController.php(286): PostController->runAction()
#6 C:\xampp\htdocs\03042017\framework\web\CController.php(265): PostController->runActionWithFilters()
#7 C:\xampp\htdocs\03042017\framework\web\CWebApplication.php(282): PostController->run()
#8 C:\xampp\htdocs\03042017\framework\web\CWebApplication.php(141): CWebApplication->runController()
#9 C:\xampp\htdocs\03042017\framework\base\CApplication.php(185): CWebApplication->processRequest()
#10 C:\xampp\htdocs\03042017\www\index.php(13): CWebApplication->run()
REQUEST_URI=/03042017/www/post/index
in C:\xampp\htdocs\03042017\www\protected\views\post\index.php (15)
in C:\xampp\htdocs\03042017\www\protected\controllers\PostController.php (18)
in C:\xampp\htdocs\03042017\www\index.php (13)
2017/04/03 20:52:01 [error] [php] Undefined variable: pages (C:\xampp\htdocs\03042017\www\protected\views\post\index.php:25)
Stack trace:
#0 C:\xampp\htdocs\03042017\framework\web\CController.php(869): PostController->renderFile()
#1 C:\xampp\htdocs\03042017\framework\web\CController.php(782): PostController->renderPartial()
#2 C:\xampp\htdocs\03042017\www\protected\controllers\PostController.php(18): PostController->render()
#3 C:\xampp\htdocs\03042017\framework\web\actions\CInlineAction.php(49): PostController->actionIndex()
#4 C:\xampp\htdocs\03042017\framework\web\CController.php(308): CInlineAction->runWithParams()
#5 C:\xampp\htdocs\03042017\framework\web\CController.php(286): PostController->runAction()
#6 C:\xampp\htdocs\03042017\framework\web\CController.php(265): PostController->runActionWithFilters()
#7 C:\xampp\htdocs\03042017\framework\web\CWebApplication.php(282): PostController->run()
#8 C:\xampp\htdocs\03042017\framework\web\CWebApplication.php(141): CWebApplication->runController()
#9 C:\xampp\htdocs\03042017\framework\base\CApplication.php(185): CWebApplication->processRequest()
#10 C:\xampp\htdocs\03042017\www\index.php(13): CWebApplication->run()
REQUEST_URI=/03042017/www/post/index
in C:\xampp\htdocs\03042017\www\protected\views\post\index.php (25)
in C:\xampp\htdocs\03042017\www\protected\controllers\PostController.php (18)
in C:\xampp\htdocs\03042017\www\index.php (13)
